\BOOKMARK [1][-]{section.1}{Motivation}{}% 1
\BOOKMARK [1][-]{section.2}{Problem Analysis}{}% 2
\BOOKMARK [1][-]{section.3}{State-of-the-Art}{}% 3
\BOOKMARK [2][-]{subsection.3.1}{RE2/J}{section.3}% 4
\BOOKMARK [2][-]{subsection.3.2}{TRE}{section.3}% 5
\BOOKMARK [1][-]{section.4}{Nucleic Acids}{}% 6
\BOOKMARK [2][-]{subsection.4.1}{Ribonucleic acid}{section.4}% 7
\BOOKMARK [2][-]{subsection.4.2}{Deoxyribonucleic acid}{section.4}% 8
\BOOKMARK [2][-]{subsection.4.3}{Secondary Structures of Nucleic Acids}{section.4}% 9
\BOOKMARK [1][-]{section.5}{Regular expressions}{}% 10
\BOOKMARK [1][-]{section.6}{Nondeterministic Finite Automaton}{}% 11
\BOOKMARK [2][-]{subsection.6.1}{Conversion from RE to NFA}{section.6}% 12
\BOOKMARK [2][-]{subsection.6.2}{Matching using NFA}{section.6}% 13
\BOOKMARK [2][-]{subsection.6.3}{Tagged NFA}{section.6}% 14
\BOOKMARK [2][-]{subsection.6.4}{Constructing TNFA}{section.6}% 15
\BOOKMARK [1][-]{section.7}{Scan\137For\137Matches}{}% 16
\BOOKMARK [1][-]{section.8}{TRE}{}% 17
\BOOKMARK [1][-]{section.9}{Our Implementation}{}% 18
\BOOKMARK [1][-]{section.10}{Experimental Results \046 Tests}{}% 19
\BOOKMARK [1][-]{section.11}{Alternative soloutions}{}% 20
\BOOKMARK [2][-]{subsection.11.1}{Forming patterns using Regular expressions}{section.11}% 21
\BOOKMARK [2][-]{subsection.11.2}{Preprocessing data}{section.11}% 22
